<?xml version="1.0" encoding="UTF-8"?>
<testng-results ignored="0" total="1" passed="1" failed="0" skipped="0">
  <reporter-output>
  </reporter-output>
  <suite started-at="2023-08-03T16:11:05 IST" name="Default suite" finished-at="2023-08-03T16:11:16 IST" duration-ms="10443">
    <groups>
    </groups>
    <test started-at="2023-08-03T16:11:05 IST" name="Default test" finished-at="2023-08-03T16:11:16 IST" duration-ms="10443">
      <class name="newPractice.FacebookLogin">
        <test-method signature="login()[pri:0, instance:newPractice.FacebookLogin@53fe15ff]" started-at="2023-08-03T16:11:05 IST" name="login" finished-at="2023-08-03T16:11:16 IST" duration-ms="10365" status="PASS">
          <reporter-output>
          </reporter-output>
        </test-method> <!-- login -->
      </class> <!-- newPractice.FacebookLogin -->
    </test> <!-- Default test -->
  </suite> <!-- Default suite -->
</testng-results>
